当前工作目录: D:\deskfiles\image classification
文件保存路径: D:\deskfiles\image classification
当前工作目录: D:\deskfiles\image classification
文件保存路径: D:\deskfiles\image classification
Traceback (most recent call last):
  File "<string>", line 1, in <module>
  File "D:\deskfiles\software\Python\lib\multiprocessing\spawn.py", line 116, in spawn_main
    exitcode = _main(fd, parent_sentinel)
  File "D:\deskfiles\software\Python\lib\multiprocessing\spawn.py", line 125, in _main
    prepare(preparation_data)
  File "D:\deskfiles\software\Python\lib\multiprocessing\spawn.py", line 236, in prepare
    _fixup_main_from_path(data['init_main_from_path'])
  File "D:\deskfiles\software\Python\lib\multiprocessing\spawn.py", line 287, in _fixup_main_from_path
    main_content = runpy.run_path(main_path,
  File "D:\deskfiles\software\Python\lib\runpy.py", line 268, in run_path
    return _run_module_code(code, init_globals, run_name,
  File "D:\deskfiles\software\Python\lib\runpy.py", line 97, in _run_module_code
    _run_code(code, mod_globals, init_globals,
  File "D:\deskfiles\software\Python\lib\runpy.py", line 87, in _run_code
    exec(code, run_globals)
  File "D:\deskfiles\image classification\train_cpu.py", line 2, in <module>
    import torch
  File "D:\deskfiles\software\Python\lib\site-packages\torch\__init__.py", line 270, in <module>
    _load_dll_libraries()
  File "D:\deskfiles\software\Python\lib\site-packages\torch\__init__.py", line 253, in _load_dll_libraries
    raise err
OSError: [WinError 1455] 页面文件太小，无法完成操作。 Error loading "D:\deskfiles\software\Python\lib\site-packages\torch\lib\cufft64_10.dll" or one of its dependencies.
